app/build/outputs/mapping/release/seeds.txt
ie.headway.app.how_to_do_it.R$anim: int abc_fade_in
ie.headway.app.how_to_do_it.R$anim: int abc_fade_out
ie.headway.app.how_to_do_it.R$anim: int abc_grow_fade_in_from_bottom
ie.headway.app.how_to_do_it.R$anim: int abc_popup_enter
ie.headway.app.how_to_do_it.R$anim: int abc_popup_exit
ie.headway.app.how_to_do_it.R$anim: int abc_shrink_fade_out_from_bottom
ie.headway.app.how_to_do_it.R$anim: int abc_slide_in_bottom
ie.headway.app.how_to_do_it.R$anim: int abc_slide_in_top
ie.headway.app.how_to_do_it.R$anim: int abc_slide_out_bottom
ie.headway.app.how_to_do_it.R$anim: int abc_slide_out_top
ie.headway.app.how_to_do_it.R$attr: int actionBarDivider
ie.headway.app.how_to_do_it.R$attr: int actionBarItemBackground
ie.headway.app.how_to_do_it.R$attr: int actionBarPopupTheme
ie.headway.app.how_to_do_it.R$attr: int actionBarSize
ie.headway.app.how_to_do_it.R$attr: int actionBarSplitStyle
ie.headway.app.how_to_do_it.R$attr: int actionBarStyle
ie.headway.app.how_to_do_it.R$attr: int actionBarTabBarStyle
ie.headway.app.how_to_do_it.R$attr: int actionBarTabStyle
ie.headway.app.how_to_do_it.R$attr: int actionBarTabTextStyle
ie.headway.app.how_to_do_it.R$attr: int actionBarTheme
ie.headway.app.how_to_do_it.R$attr: int actionBarWidgetTheme
ie.headway.app.how_to_do_it.R$attr: int actionButtonStyle
ie.headway.app.how_to_do_it.R$attr: int actionDropDownStyle
ie.headway.app.how_to_do_it.R$attr: int actionLayout
ie.headway.app.how_to_do_it.R$attr: int actionMenuTextAppearance
ie.headway.app.how_to_do_it.R$attr: int actionMenuTextColor
ie.headway.app.how_to_do_it.R$attr: int actionModeBackground
ie.headway.app.how_to_do_it.R$attr: int actionModeCloseButtonStyle
ie.headway.app.how_to_do_it.R$attr: int actionModeCloseDrawable
ie.headway.app.how_to_do_it.R$attr: int actionModeCopyDrawable
ie.headway.app.how_to_do_it.R$attr: int actionModeCutDrawable
ie.headway.app.how_to_do_it.R$attr: int actionModeFindDrawable
ie.headway.app.how_to_do_it.R$attr: int actionModePasteDrawable
ie.headway.app.how_to_do_it.R$attr: int actionModePopupWindowStyle
ie.headway.app.how_to_do_it.R$bool: int abc_action_bar_embed_tabs
ie.headway.app.how_to_do_it.R$bool: int abc_action_bar_embed_tabs_pre_jb
ie.headway.app.how_to_do_it.R$bool: int abc_action_bar_expanded_action_views_exclusive
ie.headway.app.how_to_do_it.R$bool: int abc_allow_stacked_button_bar
ie.headway.app.how_to_do_it.R$bool: int abc_config_actionMenuItemAllCaps
ie.headway.app.how_to_do_it.R$bool: int abc_config_allowActionMenuItemTextWithIcon
ie.headway.app.how_to_do_it.R$bool: int abc_config_closeDialogWhenTouchOutside
ie.headway.app.how_to_do_it.R$bool: int abc_config_showMenuShortcutsWhenKeyboardPresent
...
android.support.v4.app.BackStackState: android.os.Parcelable$Creator CREATOR
android.support.v4.app.BaseFragmentActivityDonut: BaseFragmentActivityDonut()
android.support.v4.app.BaseFragmentActivityHoneycomb: BaseFragmentActivityHoneycomb()
android.support.v4.app.Fragment$SavedState: android.os.Parcelable$Creator CREATOR
android.support.v4.app.FragmentActivity: FragmentActivity()
android.support.v4.app.FragmentManagerState: android.os.Parcelable$Creator CREATOR
android.support.v4.app.FragmentState: android.os.Parcelable$Creator CREATOR
android.support.v4.app.FragmentTabHost: void setOnTabChangedListener(android.widget.TabHost$OnTabChangeListener)
android.support.v4.app.FragmentTabHost$SavedState: android.os.Parcelable$Creator CREATOR
android.support.v4.content.ModernAsyncTask$Status: android.support.v4.content.ModernAsyncTask$Status[] values()
android.support.v4.content.ModernAsyncTask$Status: android.support.v4.content.ModernAsyncTask$Status valueOf(java.lang.String)
android.support.v4.media.MediaBrowserCompat$MediaItem: android.os.Parcelable$Creator CREATOR
android.support.v4.media.MediaDescriptionCompat: android.os.Parcelable$Creator CREATOR
android.support.v4.media.MediaMetadataCompat: android.os.Parcelable$Creator CREATOR
android.support.v4.media.RatingCompat: android.os.Parcelable$Creator CREATOR
android.support.v4.media.session.MediaSessionCompat$QueueItem: android.os.Parcelable$Creator CREATOR
android.support.v4.media.session.MediaSessionCompat$ResultReceiverWrapper: android.os.Parcelable$Creator CREATOR
android.support.v4.media.session.MediaSessionCompat$Token: android.os.Parcelable$Creator CREATOR
android.support.v4.media.session.ParcelableVolumeInfo: android.os.Parcelable$Creator CREATOR
android.support.v4.media.session.PlaybackStateCompat: android.os.Parcelable$Creator CREATOR
android.support.v4.media.session.PlaybackStateCompat$CustomAction: android.os.Parcelable$Creator CREATOR
android.support.v4.os.ResultReceiver: android.os.Parcelable$Creator CREATOR
android.support.v4.view.PagerTabStrip: void setTabIndicatorColor(int)
android.support.v4.view.PagerTabStrip: void setTabIndicatorColorResource(int)
android.support.v4.view.PagerTabStrip: int getTabIndicatorColor()
android.support.v4.view.PagerTabStrip: void setTextSpacing(int)
android.support.v4.view.PagerTabStrip: void setBackgroundDrawable(android.graphics.drawable.Drawable)
android.support.v4.view.PagerTabStrip: void setBackgroundColor(int)
android.support.v4.view.PagerTabStrip: void setBackgroundResource(int)
android.support.v4.view.PagerTabStrip: void setDrawFullUnderline(boolean)
android.support.v4.view.PagerTabStrip: boolean getDrawFullUnderline()
android.support.v4.view.PagerTabStrip: int getMinHeight()
android.support.v4.view.PagerTitleStrip: void setSingleLineAllCaps(android.widget.TextView)
android.support.v4.view.PagerTitleStrip: void setTextSpacing(int)
android.support.v4.view.PagerTitleStrip: int getTextSpacing()
android.support.v4.view.PagerTitleStrip: void setNonPrimaryAlpha(float)
android.support.v4.view.PagerTitleStrip: void setTextColor(int)
android.support.v4.view.PagerTitleStrip: void setGravity(int)
android.support.v4.view.PagerTitleStrip: int getMinHeight()