app/build/outputs/mapping/release/mapping.txt
ie.headway.app.how_to_do_it.SplashScreenActivity -> ie.headway.app.how_to_do_it.SplashScreenActivity:
    void <init>() -> <init>
    void exitSplashScreen(long) -> a
ie.headway.app.how_to_do_it.SplashScreenActivity$1 -> ie.headway.app.how_to_do_it.a:
    ie.headway.app.how_to_do_it.SplashScreenActivity this$0 -> a
    void <init>(ie.headway.app.how_to_do_it.SplashScreenActivity) -> <init>
    void run() -> run
ie.headway.app.how_to_do_it.StepLayoutFragment -> ie.headway.app.how_to_do_it.StepLayoutFragment:
    ie.headway.app.xml.Step mStep -> aa
    android.media.MediaPlayer mAudioPlayer -> ab
    android.widget.TextView mStepTextView -> mStepTextView
    android.widget.ImageView mImageView -> mImageView
    void <init>() -> <init>
    ie.headway.app.how_to_do_it.StepLayoutFragment newInstance(ie.headway.app.xml.Step) -> a
    void onCreate(android.os.Bundle) -> a
    android.view.View onCreateView$469ccb8a(android.view.LayoutInflater,android.view.ViewGroup) -> a
    void setUserVisibleHint(boolean) -> b
ie.headway.app.how_to_do_it.StepLayoutFragment$$ViewBinder -> ie.headway.app.how_to_do_it.StepLayoutFragment$$ViewBinder:
    void <init>() -> <init>
    void bind(butterknife.ButterKnife$Finder,ie.headway.app.how_to_do_it.StepLayoutFragment,java.lang.Object) -> bind
    void unbind(ie.headway.app.how_to_do_it.StepLayoutFragment) -> unbind
    void unbind(java.lang.Object) -> unbind
    void bind(butterknife.ButterKnife$Finder,java.lang.Object,java.lang.Object) -> bind
ie.headway.app.how_to_do_it.TaskActivity -> ie.headway.app.how_to_do_it.TaskActivity:
    android.support.v4.view.ViewPager mPager -> i
    android.support.v4.view.PagerAdapter mPagerAdapter -> j
    void <init>() -> <init>
    void onCreate(android.os.Bundle) -> onCreate
    void onBackPressed() -> onBackPressed
ie.headway.app.how_to_do_it.TaskPagerAdapter -> ie.headway.app.how_to_do_it.b:
    ie.headway.app.xml.Task mTask -> b
    void <init>(android.support.v4.app.FragmentManager,android.content.Intent) -> <init>
    android.support.v4.app.Fragment getItem(int) -> a
    int getCount() -> c
    ie.headway.app.xml.Task retrieveTask(android.content.Intent) -> a
ie.headway.app.how_to_do_it.TaskSelectionActivity -> ie.headway.app.how_to_do_it.TaskSelectionActivity:
    void <init>() -> <init>
    void onCreate(android.os.Bundle) -> onCreate
    void onListItemClick(android.widget.ListView,android.view.View,int,long) -> onListItemClick
...
org.simpleframework.xml.core.ConstructorScanner -> a.b.a.a.aj:
    java.util.List signatures -> a
    org.simpleframework.xml.core.ParameterMap registry -> b
    org.simpleframework.xml.core.Signature primary -> c
    org.simpleframework.xml.core.Support support -> d
    void <init>(org.simpleframework.xml.core.Detail,org.simpleframework.xml.core.Support) -> <init>
    void scan(org.simpleframework.xml.core.Detail) -> a
org.simpleframework.xml.core.Contact -> a.b.a.a.ak:
    java.lang.String getName() -> a
    java.lang.Class getDependent() -> b
    java.lang.Class[] getDependents() -> c
    java.lang.Class getDeclaringClass() -> d
    java.lang.annotation.Annotation getAnnotation() -> e
    void set(java.lang.Object,java.lang.Object) -> a
    java.lang.Object get(java.lang.Object) -> a
    boolean isReadOnly() -> f
org.simpleframework.xml.core.ContactList -> a.b.a.a.al:
    void <init>() -> <init>
org.simpleframework.xml.core.ContactMap -> a.b.a.a.am:
    void <init>() -> <init>
    java.util.Iterator iterator() -> iterator
org.simpleframework.xml.core.Context -> a.b.a.a.an:
    boolean isStrict() -> a
    org.simpleframework.xml.stream.Style getStyle() -> b
    org.simpleframework.xml.core.Session getSession() -> c
    org.simpleframework.xml.core.Support getSupport() -> d
    boolean isFloat(org.simpleframework.xml.strategy.Type) -> a
    boolean isPrimitive(java.lang.Class) -> a
    boolean isPrimitive(org.simpleframework.xml.strategy.Type) -> b
    org.simpleframework.xml.core.Instance getInstance(java.lang.Class) -> b
    java.lang.String getName(java.lang.Class) -> c
    org.simpleframework.xml.Version getVersion(java.lang.Class) -> d
    org.simpleframework.xml.core.Schema getSchema(java.lang.Class) -> e
    org.simpleframework.xml.strategy.Value getOverride(org.simpleframework.xml.strategy.Type,org.simpleframework.xml.stream.InputNode) -> a
    java.lang.Class getType(org.simpleframework.xml.strategy.Type,java.lang.Object) -> a
    java.lang.Object getAttribute(java.lang.Object) -> a
    java.lang.String getProperty(java.lang.String) -> a
org.simpleframework.xml.core.ConversionInstance -> a.b.a.a.ao:
    org.simpleframework.xml.core.Context context -> a
    java.lang.Class convert -> b
    org.simpleframework.xml.strategy.Value value -> c
    void <init>(org.simpleframework.xml.core.Context,org.simpleframework.xml.strategy.Value,java.lang.Class) -> <init>
    java.lang.Object getInstance() -> a
    java.lang.Object setInstance(java.lang.Object) -> a
    java.lang.Class getType() -> b
    boolean isReference() -> c
org.simpleframework.xml.core.Converter -> a.b.a.a.ap:
    java.lang.Object read(org.simpleframework.xml.stream.InputNode) -> a
    java.lang.Object read(org.simpleframework.xml.stream.InputNode,java.lang.Object) -> a
org.simpleframework.xml.core.Creator -> a.b.a.a.aq:
    java.lang.Object getInstance(org.simpleframework.xml.core.Criteria) -> a
    double getScore(org.simpleframework.xml.core.Criteria) -> b
    org.simpleframework.xml.core.Signature getSignature() -> a
org.simpleframework.xml.core.Criteria -> a.b.a.a.ar:
    org.simpleframework.xml.core.Variable get(java.lang.Object) -> a
    org.simpleframework.xml.core.Variable get(org.simpleframework.xml.core.Label) -> a
    org.simpleframework.xml.core.Variable resolve(java.lang.String) -> a
    org.simpleframework.xml.core.Variable remove(java.lang.Object) -> b
    void set(org.simpleframework.xml.core.Label,java.lang.Object) -> a
    void commit(java.lang.Object) -> c
org.simpleframework.xml.core.Decorator -> a.b.a.a.as: