app/build/outputs/mapping/release/usage.txt
ie.headway.app.how_to_do_it.BuildConfig
ie.headway.app.how_to_do_it.R
ie.headway.app.how_to_do_it.R$anim
ie.headway.app.how_to_do_it.R$attr
ie.headway.app.how_to_do_it.R$bool
ie.headway.app.how_to_do_it.R$color
ie.headway.app.how_to_do_it.R$dimen
ie.headway.app.how_to_do_it.R$drawable
ie.headway.app.how_to_do_it.R$id
ie.headway.app.how_to_do_it.R$integer
ie.headway.app.how_to_do_it.R$layout
ie.headway.app.how_to_do_it.R$mipmap
ie.headway.app.how_to_do_it.R$string
ie.headway.app.how_to_do_it.R$style
ie.headway.app.how_to_do_it.R$styleable
...
org.apache.commons.io.EndianUtils
org.apache.commons.io.FileCleaner
org.apache.commons.io.FileCleaningTracker
org.apache.commons.io.FileCleaningTracker$Reaper
org.apache.commons.io.FileCleaningTracker$Tracker
org.apache.commons.io.FileDeleteStrategy
org.apache.commons.io.FileDeleteStrategy$ForceFileDeleteStrategy
org.apache.commons.io.FileExistsException
org.apache.commons.io.FileSystemUtils
org.apache.commons.io.FileUtils:
    public static final long ONE_KB
    public static final long ONE_MB
    private static final long FILE_COPY_BUFFER_SIZE
    public static final long ONE_GB
    public static final long ONE_TB
    public static final long ONE_PB
    public static final long ONE_EB
    82:83:public FileUtils()
    192:202:public static varargs java.io.File getFile(java.io.File,java.lang.String[])
    213:224:public static varargs java.io.File getFile(java.lang.String[])
    235:235:public static java.lang.String getTempDirectoryPath()
    246:246:public static java.io.File getTempDirectory()
    257:257:public static java.lang.String getUserDirectoryPath()
    268:268:public static java.io.File getUserDirectory()
    291:301:public static java.io.FileInputStream openInputStream(java.io.File)
    326:326:public static java.io.FileOutputStream openOutputStream(java.io.File)
    352:367:public static java.io.FileOutputStream openOutputStream(java.io.File,boolean)
    391:406:public static java.lang.String byteCountToDisplaySize(java.math.BigInteger)
    426:426:public static java.lang.String byteCountToDisplaySize(long)
    443:451:public static void touch(java.io.File)
    463:463:public static java.io.File[] convertFileCollectionToFileArray(java.util.Collection)
    478:492:private static void innerListFiles(java.util.Collection,java.io.File,org.apache.commons.io.filefilter.IOFileFilter,boolean)
org.apache.commons.io.FilenameUtils:
    public static final char EXTENSION_SEPARATOR
    private static final char UNIX_SEPARATOR
    private static final char WINDOWS_SEPARATOR
    128:129:public FilenameUtils()
    149:149:private static boolean isSeparator(char)
    194:194:public static java.lang.String normalize(java.lang.String)
    241:242:public static java.lang.String normalize(java.lang.String,boolean)
    288:288:public static java.lang.String normalizeNoEndSeparator(java.lang.String)
    335:336:public static java.lang.String normalizeNoEndSeparator(java.lang.String,boolean)
    348:437:private static java.lang.String doNormalize(java.lang.String,char,boolean)
    482:500:public static java.lang.String concat(java.lang.String,java.lang.String)
    531:543:public static boolean directoryContains(java.lang.String,java.lang.String)
    554:557:public static java.lang.String separatorsToUnix(java.lang.String)
    567:570:public static java.lang.String separatorsToWindows(java.lang.String)
    580:586:public static java.lang.String separatorsToSystem(java.lang.String)
    623:671:public static int getPrefixLength(java.lang.String)
    689:694:public static int indexOfLastSeparator(java.lang.String)
    711:716:public static int indexOfExtension(java.lang.String)
    750:760:public static java.lang.String getPrefix(java.lang.String)
    786:786:public static java.lang.String getPath(java.lang.String)
org.apache.commons.io.HexDump
org.apache.commons.io.IOCase
org.apache.commons.io.IOExceptionWithCause
org.apache.commons.io.IOUtils
org.apache.commons.io.LineIterator
org.apache.commons.io.TaggedIOException
org.apache.commons.io.ThreadMonitor
org.apache.commons.io.comparator.AbstractFileComparator
org.apache.commons.io.comparator.CompositeFileComparator
org.apache.commons.io.comparator.DefaultFileComparator
org.apache.commons.io.comparator.DirectoryFileComparator
org.apache.commons.io.comparator.ExtensionFileComparator
org.apache.commons.io.comparator.LastModifiedFileComparator
org.apache.commons.io.comparator.NameFileComparator
org.apache.commons.io.comparator.PathFileComparator